<?xml version="1.0" encoding="UTF-8"?>
<!-- Generated by org.testng.reporters.JUnitReportReporter -->
<testsuite hostname="SATISH-PC" name="com.gmail.testcases.GmailLoginPage" tests="1" failures="0" timestamp="14 Oct 2016 12:16:45 GMT" time="28.806" errors="0">
  <testcase name="TestHome" time="28.806" classname="com.gmail.testcases.GmailLoginPage"/>
</testsuite> <!-- com.gmail.testcases.GmailLoginPage -->
